<?xml version="1.0" encoding="UTF-8"?>
<!-- Generated by org.testng.reporters.JUnitReportReporter -->
<testsuite skipped="0" hostname="DESKTOP-AGK6NO1" name="com.flipkart.testing.tests.FlipkartScenario1Test" tests="6" failures="0" timestamp="2020-11-02T15:17:44 IST" time="16.492" errors="0">
  <testcase name="clickLoginModalCrossButtonTest" time="0.329" classname="com.flipkart.testing.tests.FlipkartScenario1Test"/>
  <testcase name="clickSortByLowToHighTest" time="7.628" classname="com.flipkart.testing.tests.FlipkartScenario1Test"/>
  <testcase name="verifySortLowToHighOfNProducts" time="0.214" classname="com.flipkart.testing.tests.FlipkartScenario1Test"/>
  <testcase name="waitForPageToBeLoadedTest" time="5.062" classname="com.flipkart.testing.tests.FlipkartScenario1Test"/>
  <testcase name="hoverOnElectronicsLinkTest" time="3.147" classname="com.flipkart.testing.tests.FlipkartScenario1Test"/>
  <testcase name="clickMobilePhoneBrandTest" time="0.112" classname="com.flipkart.testing.tests.FlipkartScenario1Test"/>
</testsuite> <!-- com.flipkart.testing.tests.FlipkartScenario1Test -->
