<?xml version="1.0" encoding="UTF-8"?>
<!-- Generated by org.testng.reporters.JUnitReportReporter -->
<testsuite skipped="6" hostname="DESKTOP-AGK6NO1" name="com.flipkart.testing.tests.FlipkartScenario1Test" tests="6" failures="0" timestamp="2020-11-02T15:21:18 IST" time="0.000" errors="0">
  <testcase name="clickLoginModalCrossButtonTest" time="0.000" classname="com.flipkart.testing.tests.FlipkartScenario1Test">
    <skipped/>
  </testcase> <!-- clickLoginModalCrossButtonTest -->
  <testcase name="hoverOnElectronicsLinkTest" time="0.000" classname="com.flipkart.testing.tests.FlipkartScenario1Test">
    <skipped/>
  </testcase> <!-- hoverOnElectronicsLinkTest -->
  <testcase name="waitForPageToBeLoadedTest" time="0.000" classname="com.flipkart.testing.tests.FlipkartScenario1Test">
    <skipped/>
  </testcase> <!-- waitForPageToBeLoadedTest -->
  <testcase name="clickSortByLowToHighTest" time="0.000" classname="com.flipkart.testing.tests.FlipkartScenario1Test">
    <skipped/>
  </testcase> <!-- clickSortByLowToHighTest -->
  <testcase name="verifySortLowToHighOfNProducts" time="0.000" classname="com.flipkart.testing.tests.FlipkartScenario1Test">
    <skipped/>
  </testcase> <!-- verifySortLowToHighOfNProducts -->
  <testcase name="clickMobilePhoneBrandTest" time="0.000" classname="com.flipkart.testing.tests.FlipkartScenario1Test">
    <skipped/>
  </testcase> <!-- clickMobilePhoneBrandTest -->
</testsuite> <!-- com.flipkart.testing.tests.FlipkartScenario1Test -->
