<?xml version="1.0" encoding="UTF-8"?>
<!-- Generated by org.testng.reporters.JUnitReportReporter -->
<testsuite skipped="0" hostname="DESKTOP-AGK6NO1" name="com.flipkart.framework.selenium.BaseWebDriver" tests="1" failures="0" timestamp="2020-11-01T12:10:54 IST" time="0.148" errors="0">
  <testcase name="navigateToUrlTest" time="0.148" classname="com.flipkart.framework.selenium.BaseWebDriver"/>
  <system-out/>
</testsuite> <!-- com.flipkart.framework.selenium.BaseWebDriver -->
