<?xml version="1.0" encoding="UTF-8"?>
<!-- Generated by org.testng.reporters.JUnitReportReporter -->
<testsuite skipped="0" hostname="DESKTOP-AGK6NO1" name="com.flipkart.testing.tests.FlipkartScenario1Test" tests="5" failures="0" timestamp="2020-11-02T13:00:13 IST" time="11.981" errors="0">
  <testcase name="clickLoginModalCrossButtonTest" time="0.335" classname="com.flipkart.testing.tests.FlipkartScenario1Test"/>
  <system-out/>
  <testcase name="waitForPageToBeLoadedTest" time="7.561" classname="com.flipkart.testing.tests.FlipkartScenario1Test"/>
  <system-out/>
  <testcase name="hoverOnElectronicsLinkTest" time="3.155" classname="com.flipkart.testing.tests.FlipkartScenario1Test"/>
  <system-out/>
  <testcase name="clickMobilePhoneBrandTest" time="0.700" classname="com.flipkart.testing.tests.FlipkartScenario1Test"/>
  <system-out/>
  <testcase name="clickSortByLowToHigh" time="0.230" classname="com.flipkart.testing.tests.FlipkartScenario1Test"/>
  <system-out/>
</testsuite> <!-- com.flipkart.testing.tests.FlipkartScenario1Test -->
